# JRE version: OpenJDK Runtime Environment (8.0_151-b12) (build 1.8.0_151-8u151-b12-0ubuntu0.17.10.2-b12)
# Java VM: OpenJDK 64-Bit Server VM (25.151-b12 mixed mode linux-amd64 compressed oops)
Heap:
 PSYoungGen      total 456192K, used 361669K [0x00000000e0000000, 0x00000000ffe80000, 0x0000000100000000)
  eden space 395776K, 85% used [0x00000000e0000000,0x00000000f489d4e0,0x00000000f8280000)
  from space 60416K, 41% used [0x00000000f8280000,0x00000000f9b13f30,0x00000000fbd80000)
  to   space 58368K, 0% used [0x00000000fc580000,0x00000000fc580000,0x00000000ffe80000)
 ParOldGen       total 416256K, used 94328K [0x00000000a0000000, 0x00000000b9680000, 0x00000000e0000000)
  object space 416256K, 22% used [0x00000000a0000000,0x00000000a5c1e330,0x00000000b9680000)
 Metaspace       used 106663K, capacity 115292K, committed 115584K, reserved 1150976K
  class space    used 12209K, capacity 14623K, committed 14720K, reserved 1048576K
GC Heap History (10 events):
Event: 22.238 GC heap before
{Heap before GC invocations=15 (full 4):
 PSYoungGen      total 448512K, used 403154K [0x00000000e0000000, 0x00000000ffc80000, 0x0000000100000000)
  eden space 380416K, 100% used [0x00000000e0000000,0x00000000f7380000,0x00000000f7380000)
  from space 68096K, 33% used [0x00000000fba00000,0x00000000fd0349b0,0x00000000ffc80000)
  to   space 70144K, 0% used [0x00000000f7380000,0x00000000f7380000,0x00000000fb800000)
 ParOldGen       total 416256K, used 94288K [0x00000000a0000000, 0x00000000b9680000, 0x00000000e0000000)
  object space 416256K, 22% used [0x00000000a0000000,0x00000000a5c14330,0x00000000b9680000)
 Metaspace       used 103149K, capacity 111696K, committed 111872K, reserved 1146880K
  class space    used 11905K, capacity 14219K, committed 14336K, reserved 1048576K
Event: 22.257 GC heap after
Heap after GC invocations=15 (full 4):
 PSYoungGen      total 450560K, used 22399K [0x00000000e0000000, 0x00000000ffe00000, 0x0000000100000000)
  eden space 380416K, 0% used [0x00000000e0000000,0x00000000e0000000,0x00000000f7380000)
  from space 70144K, 31% used [0x00000000f7380000,0x00000000f895fe90,0x00000000fb800000)
  to   space 68096K, 0% used [0x00000000fbb80000,0x00000000fbb80000,0x00000000ffe00000)
 ParOldGen       total 416256K, used 94296K [0x00000000a0000000, 0x00000000b9680000, 0x00000000e0000000)
  object space 416256K, 22% used [0x00000000a0000000,0x00000000a5c16330,0x00000000b9680000)
 Metaspace       used 103149K, capacity 111696K, committed 111872K, reserved 1146880K
  class space    used 11905K, capacity 14219K, committed 14336K, reserved 1048576K
}
Event: 22.607 GC heap before
{Heap before GC invocations=16 (full 4):
 PSYoungGen      total 450560K, used 402815K [0x00000000e0000000, 0x00000000ffe00000, 0x0000000100000000)
  eden space 380416K, 100% used [0x00000000e0000000,0x00000000f7380000,0x00000000f7380000)
  from space 70144K, 31% used [0x00000000f7380000,0x00000000f895fe90,0x00000000fb800000)
  to   space 68096K, 0% used [0x00000000fbb80000,0x00000000fbb80000,0x00000000ffe00000)
 ParOldGen       total 416256K, used 94296K [0x00000000a0000000, 0x00000000b9680000, 0x00000000e0000000)
  object space 416256K, 22% used [0x00000000a0000000,0x00000000a5c16330,0x00000000b9680000)
 Metaspace       used 104346K, capacity 112928K, committed 113024K, reserved 1148928K
  class space    used 12067K, capacity 14395K, committed 14464K, reserved 1048576K
Event: 22.625 GC heap after
Heap after GC invocations=16 (full 4):
 PSYoungGen      total 449024K, used 26937K [0x00000000e0000000, 0x00000000ff900000, 0x0000000100000000)
  eden space 386048K, 0% used [0x00000000e0000000,0x00000000e0000000,0x00000000f7900000)
  from space 62976K, 42% used [0x00000000fbb80000,0x00000000fd5ce610,0x00000000ff900000)
  to   space 65536K, 0% used [0x00000000f7900000,0x00000000f7900000,0x00000000fb900000)
 ParOldGen       total 416256K, used 94304K [0x00000000a0000000, 0x00000000b9680000, 0x00000000e0000000)
  object space 416256K, 22% used [0x00000000a0000000,0x00000000a5c18330,0x00000000b9680000)
 Metaspace       used 104346K, capacity 112928K, committed 113024K, reserved 1148928K
  class space    used 12067K, capacity 14395K, committed 14464K, reserved 1048576K
}
Event: 22.890 GC heap before
{Heap before GC invocations=17 (full 4):
 PSYoungGen      total 449024K, used 412985K [0x00000000e0000000, 0x00000000ff900000, 0x0000000100000000)
  eden space 386048K, 100% used [0x00000000e0000000,0x00000000f7900000,0x00000000f7900000)
  from space 62976K, 42% used [0x00000000fbb80000,0x00000000fd5ce610,0x00000000ff900000)
  to   space 65536K, 0% used [0x00000000f7900000,0x00000000f7900000,0x00000000fb900000)
 ParOldGen       total 416256K, used 94304K [0x00000000a0000000, 0x00000000b9680000, 0x00000000e0000000)
  object space 416256K, 22% used [0x00000000a0000000,0x00000000a5c18330,0x00000000b9680000)
 Metaspace       used 105058K, capacity 113696K, committed 113792K, reserved 1148928K
  class space    used 12135K, capacity 14459K, committed 14464K, reserved 1048576K
Event: 22.911 GC heap after
Heap after GC invocations=17 (full 4):
 PSYoungGen      total 451584K, used 27116K [0x00000000e0000000, 0x00000000ffd80000, 0x0000000100000000)
  eden space 386048K, 0% used [0x00000000e0000000,0x00000000e0000000,0x00000000f7900000)
  from space 65536K, 41% used [0x00000000f7900000,0x00000000f937b268,0x00000000fb900000)
  to   space 62976K, 0% used [0x00000000fc000000,0x00000000fc000000,0x00000000ffd80000)
 ParOldGen       total 416256K, used 94312K [0x00000000a0000000, 0x00000000b9680000, 0x00000000e0000000)
  object space 416256K, 22% used [0x00000000a0000000,0x00000000a5c1a330,0x00000000b9680000)
 Metaspace       used 105058K, capacity 113696K, committed 113792K, reserved 1148928K
  class space    used 12135K, capacity 14459K, committed 14464K, reserved 1048576K
}
Event: 23.659 GC heap before
{Heap before GC invocations=18 (full 4):
 PSYoungGen      total 451584K, used 413164K [0x00000000e0000000, 0x00000000ffd80000, 0x0000000100000000)
  eden space 386048K, 100% used [0x00000000e0000000,0x00000000f7900000,0x00000000f7900000)
  from space 65536K, 41% used [0x00000000f7900000,0x00000000f937b268,0x00000000fb900000)
  to   space 62976K, 0% used [0x00000000fc000000,0x00000000fc000000,0x00000000ffd80000)
 ParOldGen       total 416256K, used 94312K [0x00000000a0000000, 0x00000000b9680000, 0x00000000e0000000)
  object space 416256K, 22% used [0x00000000a0000000,0x00000000a5c1a330,0x00000000b9680000)
 Metaspace       used 105967K, capacity 114738K, committed 114944K, reserved 1148928K
  class space    used 12187K, capacity 14590K, committed 14592K, reserved 1048576K
Event: 23.677 GC heap after
Heap after GC invocations=18 (full 4):
 PSYoungGen      total 453632K, used 25141K [0x00000000e0000000, 0x00000000ff880000, 0x0000000100000000)
  eden space 395776K, 0% used [0x00000000e0000000,0x00000000e0000000,0x00000000f8280000)
  from space 57856K, 43% used [0x00000000fc000000,0x00000000fd88d4f8,0x00000000ff880000)
  to   space 60416K, 0% used [0x00000000f8280000,0x00000000f8280000,0x00000000fbd80000)
 ParOldGen       total 416256K, used 94320K [0x00000000a0000000, 0x00000000b9680000, 0x00000000e0000000)
  object space 416256K, 22% used [0x00000000a0000000,0x00000000a5c1c330,0x00000000b9680000)
 Metaspace       used 105967K, capacity 114738K, committed 114944K, reserved 1148928K
  class space    used 12187K, capacity 14590K, committed 14592K, reserved 1048576K
}
Event: 23.881 GC heap before
{Heap before GC invocations=19 (full 4):
 PSYoungGen      total 453632K, used 420917K [0x00000000e0000000, 0x00000000ff880000, 0x0000000100000000)
  eden space 395776K, 100% used [0x00000000e0000000,0x00000000f8280000,0x00000000f8280000)
  from space 57856K, 43% used [0x00000000fc000000,0x00000000fd88d4f8,0x00000000ff880000)
  to   space 60416K, 0% used [0x00000000f8280000,0x00000000f8280000,0x00000000fbd80000)
 ParOldGen       total 416256K, used 94320K [0x00000000a0000000, 0x00000000b9680000, 0x00000000e0000000)
  object space 416256K, 22% used [0x00000000a0000000,0x00000000a5c1c330,0x00000000b9680000)
 Metaspace       used 106038K, capacity 114802K, committed 114944K, reserved 1148928K
  class space    used 12188K, capacity 14590K, committed 14592K, reserved 1048576K
Event: 23.893 GC heap after
Heap after GC invocations=19 (full 4):
 PSYoungGen      total 456192K, used 25167K [0x00000000e0000000, 0x00000000ffe80000, 0x0000000100000000)
  eden space 395776K, 0% used [0x00000000e0000000,0x00000000e0000000,0x00000000f8280000)
  from space 60416K, 41% used [0x00000000f8280000,0x00000000f9b13f30,0x00000000fbd80000)
  to   space 58368K, 0% used [0x00000000fc580000,0x00000000fc580000,0x00000000ffe80000)
 ParOldGen       total 416256K, used 94328K [0x00000000a0000000, 0x00000000b9680000, 0x00000000e0000000)
  object space 416256K, 22% used [0x00000000a0000000,0x00000000a5c1e330,0x00000000b9680000)
 Metaspace       used 106038K, capacity 114802K, committed 114944K, reserved 1148928K
  class space    used 12188K, capacity 14590K, committed 14592K, reserved 1048576K
}

